<?xml version="1.0" encoding="UTF-8"?>
<!-- Generated by org.testng.reporters.JUnitXMLReporter -->
<testsuite ignored="1" hostname="DESKTOP-PU73V0O" failures="0" tests="4" name="OrangeHRMMyInfo" time="9.576" errors="0" timestamp="07 Jul 2025 04:48:17 GMT">
  <testcase classname="com.hyr.test.OrangeHRM" name="LaunchApp" time="4.453"/>
  <testcase classname="com.hyr.test.OrangeHRM" name="LoginDetails" time="0.967"/>
  <testcase classname="com.hyr.test.OrangeHRM" name="NavigateToMyInfo" time="2.937"/>
  <testcase classname="com.hyr.test.OrangeHRM" name="VerifyMyInfo" time="1.2"/>
  <testcase classname="com.hyr.test.OrangeHRM" name="VerifyLogin" time="0.0">
    <ignored/>
  </testcase> <!-- VerifyLogin -->
</testsuite> <!-- OrangeHRMMyInfo -->
